<?xml version="1.0" encoding="UTF-8"?>
<!-- Generated by org.testng.reporters.JUnitReportReporter -->
<testsuite hostname="DESKTOP-EB740JR" failures="0" tests="5" name="BrowserStack.AutomatedTests" time="19.333" errors="0" timestamp="2023-05-28T21:24:29 CEST" skipped="0">
  <testcase classname="BrowserStack.AutomatedTests" name="openWebsite" time="1.832"/>
  <system-out/>
  <testcase classname="BrowserStack.AutomatedTests" name="signIn" time="0.284"/>
  <system-out/>
  <testcase classname="BrowserStack.AutomatedTests" name="deleteArticles" time="7.833"/>
  <system-out/>
  <testcase classname="BrowserStack.AutomatedTests" name="createPost" time="3.237"/>
  <system-out/>
  <testcase classname="BrowserStack.AutomatedTests" name="addFavorite" time="6.147"/>
  <system-out/>
</testsuite> <!-- BrowserStack.AutomatedTests -->
